        -:    0:Source:D:/Informatica/UBB Sem. 2/OOP/a45-916-Putura-Emanuel-Vasile/infrastructure/CoatsRepository/CoatsRepository.cpp
        -:    0:Graph:D:\Informatica\UBB Sem. 2\OOP\a45-916-Putura-Emanuel-Vasile\cmake-build-debug-coverage\CMakeFiles\a45_916_Putura_Emanuel_Vasile.dir\infrastructure\CoatsRepository\CoatsRepository.cpp.gcno
        -:    0:Data:D:\Informatica\UBB Sem. 2\OOP\a45-916-Putura-Emanuel-Vasile\cmake-build-debug-coverage\CMakeFiles\a45_916_Putura_Emanuel_Vasile.dir\infrastructure\CoatsRepository\CoatsRepository.cpp.gcda
        -:    0:Runs:1
        -:    0:Programs:1
        -:    1://
        -:    2:// Created by Emanuel on 21.03.2021.
        -:    3://
        -:    4:
        -:    5:#include "CoatsRepository.h"
        -:    6:
        4:    7:int CoatsRepository::update(const TrenchCoat &element, const TrenchCoat &new_element) {
        4:    8:    int index = getIndex(element);
        4:    8-block  0
        4:    9:    if (index == -1) return -1;
        1:    9-block  0
        3:   10:    data[index] = new_element;
        3:   10-block  0
        3:   11:    return index;
        -:   12:}
        -:   13:
        8:   14:int CoatsRepository::getIndex(const std::string& size, const std::string& colour, int price, const std::string& photograph) {
       23:   15:    for (size_t i = 0; i < getLength(); ++i)
        8:   15-block  0
       23:   15-block  1
       15:   15-block  2
       20:   16:        if (data[i].getSize() == size && data[i].getColour() == colour && data[i].getPrice() == price && data[i].getPhotograph() == photograph)
       20:   16-block  0
       17:   16-block  1
        6:   16-block  2
        5:   16-block  3
        5:   16-block  4
       15:   16-block  5
       20:   16-block  6
        5:   17:            return i;
        5:   17-block  0
        3:   18:    return -1;
        3:   18-block  0
        -:   19:}
