        -:    0:Source:D:/Informatica/UBB Sem. 2/OOP/a45-916-Putura-Emanuel-Vasile/domain/DynamicVector/DynamicVector.inl
        -:    0:Graph:D:\Informatica\UBB Sem. 2\OOP\a45-916-Putura-Emanuel-Vasile\cmake-build-debug-coverage\CMakeFiles\a45_916_Putura_Emanuel_Vasile.dir\business\CoatsService.cpp.gcno
        -:    0:Data:D:\Informatica\UBB Sem. 2\OOP\a45-916-Putura-Emanuel-Vasile\cmake-build-debug-coverage\CMakeFiles\a45_916_Putura_Emanuel_Vasile.dir\business\CoatsService.cpp.gcda
        -:    0:Runs:1
        -:    0:Programs:1
        -:    1://
        -:    2:// Created by Emanuel on 20.03.2021.
        -:    3://
        -:    4:
        -:    5:template<class T>
        -:    6:DynamicVector<T>::DynamicVector(size_t capacity) : capacity(capacity), length(0) {
        -:    7:    data = new T[capacity];
        -:    8:}
        -:    9:
        -:   10:template<class T>
        -:   11:DynamicVector<T>::DynamicVector(const DynamicVector<T> &other) {
        -:   12:    length = other.length;
        -:   13:    capacity = other.capacity;
        -:   14:    delete[] data;
        -:   15:    data = new T[capacity];
        -:   16:
        -:   17:    for (size_t i = 0; i < length; ++i)
        -:   18:        data[i] = other.data[i];
        -:   19:}
        -:   20:
        -:   21:template<class T>
    #####:   22:void DynamicVector<T>::resize() {
    #####:   23:    capacity *= 2;
    #####:   24:    T* new_data = new T[capacity];
    %%%%%:   24-block  0
    %%%%%:   24-block  1
    %%%%%:   24-block  2
    %%%%%:   24-block  3
    %%%%%:   24-block  4
    %%%%%:   24-block  5
    %%%%%:   24-block  6
    %%%%%:   24-block  7
    %%%%%:   24-block  8
    %%%%%:   24-block  9
    $$$$$:   24-block 10
    $$$$$:   24-block 11
    $$$$$:   24-block 12
    $$$$$:   24-block 13
    $$$$$:   24-block 14
    $$$$$:   24-block 15
    $$$$$:   24-block 16
    $$$$$:   24-block 17
    $$$$$:   24-block 18
    $$$$$:   24-block 19
    $$$$$:   24-block 20
    $$$$$:   24-block 21
    $$$$$:   24-block 22
    $$$$$:   24-block 23
    $$$$$:   24-block 24
    $$$$$:   24-block 25
    $$$$$:   24-block 26
    $$$$$:   24-block 27
        -:   25:
    #####:   26:    for (size_t i = 0; i < length; ++i)
    %%%%%:   26-block  0
    %%%%%:   26-block  1
    #####:   27:        new_data[i] = data[i];
    %%%%%:   27-block  0
        -:   28:
    #####:   29:    delete[] data;
    %%%%%:   29-block  0
    %%%%%:   29-block  1
    %%%%%:   29-block  2
    %%%%%:   29-block  3
    %%%%%:   29-block  4
    #####:   30:    data = new_data;
    #####:   31:}
    %%%%%:   31-block  0
        -:   32:
        -:   33:template <class T>
    #####:   34:void DynamicVector<T>::push(const T& value) {
    #####:   35:    if (length == capacity)
    %%%%%:   35-block  0
    #####:   36:        resize();
    %%%%%:   36-block  0
    #####:   37:    data[length++] = value;
    %%%%%:   37-block  0
    #####:   38:}
        -:   39:
        -:   40:template<class T>
        3:   41:int DynamicVector<T>::remove(const T& value) {
        3:   42:    int index = getIndex(value);
        3:   42-block  0
       3*:   43:    if (index == -1) return -1;
    %%%%%:   43-block  0
        -:   44:
        5:   45:    for (size_t i = index + 1; i < length; ++i)
        3:   45-block  0
        5:   45-block  1
        2:   46:        data[i - 1] = data[i];
        2:   46-block  0
        3:   47:    length--;
        3:   48:    return index;
        3:   48-block  0
        -:   49:}
        -:   50:
        -:   51:template<class T>
    #####:   52:int DynamicVector<T>::getIndex(const T& value) const{
    #####:   53:    for (size_t i = 0; i < length; ++i)
    %%%%%:   53-block  0
    %%%%%:   53-block  1
    %%%%%:   53-block  2
    #####:   54:        if (data[i] == value) return i;
    %%%%%:   54-block  0
    %%%%%:   54-block  1
    #####:   55:    return -1;
    %%%%%:   55-block  0
        -:   56:}
        -:   57:
        -:   58:template<class T>
    #####:   59:T &DynamicVector<T>::operator[](int index) {
    #####:   60:    return data[index];
    %%%%%:   60-block  0
        -:   61:}
        -:   62:
        -:   63:template<class T>
        -:   64:DynamicVector<T>::~DynamicVector() {
        -:   65:    delete[] data;
        -:   66:}
