        -:    0:Source:D:/Informatica/UBB Sem. 2/OOP/a45-916-Putura-Emanuel-Vasile/presentation/OptionConsoleUI/OptionConsoleUI.h
        -:    0:Graph:D:\Informatica\UBB Sem. 2\OOP\a45-916-Putura-Emanuel-Vasile\cmake-build-debug-coverage\CMakeFiles\a45_916_Putura_Emanuel_Vasile.dir\main.cpp.gcno
        -:    0:Data:D:\Informatica\UBB Sem. 2\OOP\a45-916-Putura-Emanuel-Vasile\cmake-build-debug-coverage\CMakeFiles\a45_916_Putura_Emanuel_Vasile.dir\main.cpp.gcda
        -:    0:Runs:1
        -:    0:Programs:1
        -:    1://
        -:    2:// Created by Emanuel on 23.03.2021.
        -:    3://
        -:    4:
        -:    5:#ifndef OPTIONCONSOLEUI_H
        -:    6:#define OPTIONCONSOLEUI_H
        -:    7:
        -:    8:#include "../GenericConsoleUI/ConsoleUI.h"
        -:    9:
        -:   10:class OptionConsoleUI : public ConsoleUI {
        -:   11:private:
        -:   12:    size_t exit_code; // 0 for exit, 1 for admin mode, 2 for user mode
        -:   13:    int mapCommand(const std::string& command) const;
        -:   14:public:
        1:   15:    OptionConsoleUI(CoatsService service) : exit_code(0), ConsoleUI(service) {}
        1:   15-block  0
        -:   16:
        -:   17:    void menu() const override;
        -:   18:    int run() override;
        -:   19:
        1:   20:    inline int getExitCode() const { return exit_code; }
        1:   20-block  0
        -:   21:};
        -:   22:
        -:   23:#endif
