        -:    0:Source:D:/Informatica/UBB Sem. 2/OOP/a45-916-Putura-Emanuel-Vasile/infrastructure/GenericRepository/Repository.inl
        -:    0:Graph:D:\Informatica\UBB Sem. 2\OOP\a45-916-Putura-Emanuel-Vasile\cmake-build-debug-coverage\CMakeFiles\a45_916_Putura_Emanuel_Vasile.dir\main.cpp.gcno
        -:    0:Data:D:\Informatica\UBB Sem. 2\OOP\a45-916-Putura-Emanuel-Vasile\cmake-build-debug-coverage\CMakeFiles\a45_916_Putura_Emanuel_Vasile.dir\main.cpp.gcda
        -:    0:Runs:1
        -:    0:Programs:1
        -:    1://
        -:    2:// Created by Emanuel on 21.03.2021.
        -:    3://
        -:    4:
        -:    5:#include "Repository.h"
        -:    6:
        -:    7:template<class T>
        -:    8:void Repository<T>::add(const T& element) {
        -:    9:    data.push(element);
        -:   10:}
        -:   11:
        -:   12:template<class T>
        -:   13:int Repository<T>::remove(const T& element) {
        -:   14:    return data.remove(element);
        -:   15:}
        -:   16:
        -:   17:template<class T>
       34:   18:int Repository<T>::getIndex(const T& element) const {
       34:   19:    return data.getIndex(element);
       34:   19-block  0
        -:   20:}
        -:   21:
        -:   22:template<class T>
        -:   23:T &Repository<T>::operator[](int index) {
        -:   24:    return data[index];
        -:   25:}
